[14740:9848:0506/142138.167:WARNING:chrome_main_delegate.cc(589)] This is Chrome version 113.0.5672.63 (not a warning)
[14740:9848:0506/142138.213:INFO:chrome_browser_cloud_management_controller.cc(167)] Starting CBCM Controller Initialization
[14740:9848:0506/142138.213:INFO:chrome_browser_cloud_management_controller.cc(195)] No machine level policy manager exists.
[14740:9848:0506/142138.222:WARNING:pref_value_store.cc(269)] Expected type for safebrowsing.enabled is boolean but got string in store 5
[14740:9848:0506/142138.222:WARNING:pref_value_store.cc(269)] Expected type for safebrowsing.enabled is boolean but got string in store 5
[14740:9848:0506/142138.243:WARNING:pref_value_store.cc(269)] Expected type for safebrowsing.enabled is boolean but got string in store 5
[14740:9848:0506/142138.244:WARNING:pref_value_store.cc(269)] Expected type for safebrowsing.enabled is boolean but got string in store 5
[14740:9848:0506/142138.244:WARNING:pref_value_store.cc(269)] Expected type for safebrowsing.enabled is boolean but got string in store 5
[14740:9848:0506/142138.244:WARNING:pref_value_store.cc(269)] Expected type for safebrowsing.enabled is boolean but got string in store 5
[14740:9848:0506/142138.244:WARNING:pref_value_store.cc(269)] Expected type for safebrowsing.enabled is boolean but got string in store 5
[14740:9848:0506/142138.244:WARNING:pref_value_store.cc(269)] Expected type for safebrowsing.enabled is boolean but got string in store 5
[14740:9848:0506/142138.244:WARNING:pref_value_store.cc(269)] Expected type for safebrowsing.enabled is boolean but got string in store 5
[14740:9848:0506/142138.244:WARNING:pref_value_store.cc(269)] Expected type for safebrowsing.enabled is boolean but got string in store 5
[14740:9848:0506/142138.272:WARNING:pref_value_store.cc(269)] Expected type for safebrowsing.enabled is boolean but got string in store 5
[14740:9848:0506/142138.272:WARNING:pref_value_store.cc(269)] Expected type for safebrowsing.enabled is boolean but got string in store 5
[14740:9848:0506/142138.272:WARNING:pref_value_store.cc(269)] Expected type for safebrowsing.enabled is boolean but got string in store 5
[14740:9848:0506/142138.272:WARNING:pref_value_store.cc(269)] Expected type for safebrowsing.enabled is boolean but got string in store 5
[14740:9848:0506/142138.272:WARNING:pref_value_store.cc(269)] Expected type for safebrowsing.enabled is boolean but got string in store 5
[14740:9848:0506/142138.279:WARNING:pref_value_store.cc(269)] Expected type for safebrowsing.enabled is boolean but got string in store 5
[14740:9848:0506/142138.309:WARNING:pref_value_store.cc(269)] Expected type for safebrowsing.enabled is boolean but got string in store 5
[14740:9848:0506/142138.309:WARNING:pref_value_store.cc(269)] Expected type for safebrowsing.enabled is boolean but got string in store 5
[14740:9848:0506/142138.316:WARNING:pref_value_store.cc(269)] Expected type for safebrowsing.enabled is boolean but got string in store 5
[14740:9848:0506/142138.317:WARNING:pref_value_store.cc(269)] Expected type for safebrowsing.enabled is boolean but got string in store 5
[14740:9848:0506/142138.322:WARNING:pref_value_store.cc(269)] Expected type for safebrowsing.enabled is boolean but got string in store 5
[14740:9848:0506/142138.745:WARNING:pref_value_store.cc(269)] Expected type for safebrowsing.enabled is boolean but got string in store 5
[14740:9848:0506/142138.783:WARNING:pref_value_store.cc(269)] Expected type for safebrowsing.enabled is boolean but got string in store 5
[14740:9848:0506/142138.800:WARNING:pref_value_store.cc(269)] Expected type for safebrowsing.enabled is boolean but got string in store 5
[14740:9848:0506/142139.003:WARNING:pref_value_store.cc(269)] Expected type for safebrowsing.enabled is boolean but got string in store 5
[14740:9848:0506/142139.591:WARNING:pref_value_store.cc(269)] Expected type for safebrowsing.enabled is boolean but got string in store 5
[14740:9848:0506/142139.591:WARNING:pref_value_store.cc(269)] Expected type for safebrowsing.enabled is boolean but got string in store 5
[14740:9848:0506/142139.714:WARNING:pref_value_store.cc(269)] Expected type for safebrowsing.enabled is boolean but got string in store 5
[14740:9848:0506/142139.715:WARNING:pref_value_store.cc(269)] Expected type for safebrowsing.enabled is boolean but got string in store 5
[14740:9848:0506/142139.998:WARNING:pref_value_store.cc(269)] Expected type for safebrowsing.enabled is boolean but got string in store 5
[14740:9848:0506/142140.055:WARNING:pref_value_store.cc(269)] Expected type for safebrowsing.enabled is boolean but got string in store 5
[14740:9848:0506/142144.634:WARNING:pref_value_store.cc(269)] Expected type for safebrowsing.enabled is boolean but got string in store 5
[14740:9848:0506/142144.743:WARNING:pref_value_store.cc(269)] Expected type for safebrowsing.enabled is boolean but got string in store 5
[14740:9848:0506/142146.950:WARNING:pref_value_store.cc(269)] Expected type for safebrowsing.enabled is boolean but got string in store 5
[14740:9848:0506/142146.951:WARNING:pref_value_store.cc(269)] Expected type for safebrowsing.enabled is boolean but got string in store 5
[14740:9848:0506/142147.755:WARNING:pref_value_store.cc(269)] Expected type for safebrowsing.enabled is boolean but got string in store 5
[14740:9848:0506/142147.755:WARNING:pref_value_store.cc(269)] Expected type for safebrowsing.enabled is boolean but got string in store 5
[14740:9848:0506/142147.755:WARNING:pref_value_store.cc(269)] Expected type for safebrowsing.enabled is boolean but got string in store 5
[14740:9848:0506/142147.755:WARNING:pref_value_store.cc(269)] Expected type for safebrowsing.enabled is boolean but got string in store 5
[14740:9848:0506/142147.949:WARNING:pref_value_store.cc(269)] Expected type for safebrowsing.enabled is boolean but got string in store 5
[14740:9848:0506/142147.949:WARNING:pref_value_store.cc(269)] Expected type for safebrowsing.enabled is boolean but got string in store 5
[14740:9848:0506/142147.949:WARNING:pref_value_store.cc(269)] Expected type for safebrowsing.enabled is boolean but got string in store 5
[14740:9848:0506/142147.949:WARNING:pref_value_store.cc(269)] Expected type for safebrowsing.enabled is boolean but got string in store 5
[14740:9848:0506/142202.833:WARNING:pref_notifier_impl.cc(41)] Pref observer for media_router.cast_allow_all_ips found at shutdown.
